09:44:05 INFO  [org.springframework.boot.test.context.SpringBootTestContextBootstrapper] - Neither @ContextConfiguration nor @ContextHierarchy found for test class [com.edc.pps.catalog.service.UserServiceTest], using SpringBootContextLoader
09:44:05 INFO  [org.springframework.test.context.support.AbstractContextLoader] - Could not detect default resource locations for test class [com.edc.pps.catalog.service.UserServiceTest]: no resource found for suffixes {-context.xml, Context.groovy}.
09:44:05 INFO  [org.springframework.test.context.support.AnnotationConfigContextLoaderUtils] - Could not detect default configuration classes for test class [com.edc.pps.catalog.service.UserServiceTest]: UserServiceTest does not declare any static, non-private, non-final, nested classes annotated with @Configuration.
09:44:06 INFO  [org.springframework.boot.test.context.SpringBootTestContextBootstrapper] - Found @SpringBootConfiguration com.edc.pps.catalog.BookCatalogApp for test class com.edc.pps.catalog.service.UserServiceTest
09:44:06 INFO  [org.springframework.boot.test.context.SpringBootTestContextBootstrapper] - Loaded default TestExecutionListener class names from location [META-INF/spring.factories]: [org.springframework.boot.test.mock.mockito.MockitoTestExecutionListener, org.springframework.boot.test.mock.mockito.ResetMocksTestExecutionListener, org.springframework.boot.test.autoconfigure.restdocs.RestDocsTestExecutionListener, org.springframework.boot.test.autoconfigure.web.client.MockRestServiceServerResetTestExecutionListener, org.springframework.boot.test.autoconfigure.web.servlet.MockMvcPrintOnlyOnFailureTestExecutionListener, org.springframework.boot.test.autoconfigure.web.servlet.WebDriverTestExecutionListener, org.springframework.boot.test.autoconfigure.webservices.client.MockWebServiceServerTestExecutionListener, org.springframework.test.context.web.ServletTestExecutionListener, org.springframework.test.context.support.DirtiesContextBeforeModesTestExecutionListener, org.springframework.test.context.event.ApplicationEventsTestExecutionListener, org.springframework.test.context.support.DependencyInjectionTestExecutionListener, org.springframework.test.context.support.DirtiesContextTestExecutionListener, org.springframework.test.context.transaction.TransactionalTestExecutionListener, org.springframework.test.context.jdbc.SqlScriptsTestExecutionListener, org.springframework.test.context.event.EventPublishingTestExecutionListener]
09:44:06 INFO  [org.springframework.boot.test.context.SpringBootTestContextBootstrapper] - Using TestExecutionListeners: [org.springframework.test.context.web.ServletTestExecutionListener@55795845, org.springframework.test.context.support.DirtiesContextBeforeModesTestExecutionListener@3d08f3f5, org.springframework.test.context.event.ApplicationEventsTestExecutionListener@119f1f2a, org.springframework.boot.test.mock.mockito.MockitoTestExecutionListener@1a1da881, org.springframework.boot.test.autoconfigure.SpringBootDependencyInjectionTestExecutionListener@5b970f7, org.springframework.test.context.support.DirtiesContextTestExecutionListener@7fd4acee, org.springframework.test.context.transaction.TransactionalTestExecutionListener@165b8a71, org.springframework.test.context.jdbc.SqlScriptsTestExecutionListener@6175619b, org.springframework.test.context.event.EventPublishingTestExecutionListener@2f058b8a, org.springframework.boot.test.mock.mockito.ResetMocksTestExecutionListener@756cf158, org.springframework.boot.test.autoconfigure.restdocs.RestDocsTestExecutionListener@3f2ef586, org.springframework.boot.test.autoconfigure.web.client.MockRestServiceServerResetTestExecutionListener@751d3241, org.springframework.boot.test.autoconfigure.web.servlet.MockMvcPrintOnlyOnFailureTestExecutionListener@76c7beb3, org.springframework.boot.test.autoconfigure.web.servlet.WebDriverTestExecutionListener@64337702, org.springframework.boot.test.autoconfigure.webservices.client.MockWebServiceServerTestExecutionListener@2cf92cc7]
09:44:06 INFO  [com.edc.pps.catalog.service.UserServiceTest] - Starting UserServiceTest using Java 11.0.16 on WLEDCBUH2-00160 with PID 1272 (started by stica in C:\dev\edc-pps-book-project\book-catalog-service)
09:44:06 INFO  [com.edc.pps.catalog.service.UserServiceTest] - No active profile set, falling back to 1 default profile: "default"
09:44:07 INFO  [com.zaxxer.hikari.HikariDataSource] - HikariPool-1 - Starting...
09:44:07 INFO  [com.zaxxer.hikari.HikariDataSource] - HikariPool-1 - Start completed.
09:44:07 INFO  [org.hibernate.jpa.internal.util.LogHelper] - HHH000204: Processing PersistenceUnitInfo [name: default]
09:44:07 INFO  [org.hibernate.Version] - HHH000412: Hibernate ORM core version 5.6.12.Final
09:44:07 INFO  [org.hibernate.annotations.common.Version] - HCANN000001: Hibernate Commons Annotations {5.1.2.Final}
09:44:07 INFO  [org.hibernate.dialect.Dialect] - HHH000400: Using dialect: org.hibernate.dialect.H2Dialect
09:44:08 INFO  [org.hibernate.engine.transaction.jta.platform.internal.JtaPlatformInitiator] - HHH000490: Using JtaPlatform implementation: [org.hibernate.engine.transaction.jta.platform.internal.NoJtaPlatform]
09:44:09 INFO  [com.edc.pps.catalog.service.UserServiceTest] - Started UserServiceTest in 3.073 seconds (JVM running for 3.798)
09:44:09 INFO  [com.edc.pps.catalog.config.CatalogCommandLineRunner] - app started
09:44:09 INFO  [org.hibernate.tool.schema.internal.SchemaDropperImpl$DelayedDropActionImpl] - HHH000477: Starting delayed evictData of schema as part of SessionFactory shut-down'
09:44:09 INFO  [com.zaxxer.hikari.HikariDataSource] - HikariPool-1 - Shutdown initiated...
09:44:09 INFO  [com.zaxxer.hikari.HikariDataSource] - HikariPool-1 - Shutdown completed.
09:45:25 INFO  [org.springframework.boot.test.context.SpringBootTestContextBootstrapper] - Neither @ContextConfiguration nor @ContextHierarchy found for test class [com.edc.pps.catalog.service.UserServiceTest], using SpringBootContextLoader
09:45:25 INFO  [org.springframework.test.context.support.AbstractContextLoader] - Could not detect default resource locations for test class [com.edc.pps.catalog.service.UserServiceTest]: no resource found for suffixes {-context.xml, Context.groovy}.
09:45:25 INFO  [org.springframework.test.context.support.AnnotationConfigContextLoaderUtils] - Could not detect default configuration classes for test class [com.edc.pps.catalog.service.UserServiceTest]: UserServiceTest does not declare any static, non-private, non-final, nested classes annotated with @Configuration.
09:45:25 INFO  [org.springframework.boot.test.context.SpringBootTestContextBootstrapper] - Found @SpringBootConfiguration com.edc.pps.catalog.BookCatalogApp for test class com.edc.pps.catalog.service.UserServiceTest
09:45:25 INFO  [org.springframework.boot.test.context.SpringBootTestContextBootstrapper] - Loaded default TestExecutionListener class names from location [META-INF/spring.factories]: [org.springframework.boot.test.mock.mockito.MockitoTestExecutionListener, org.springframework.boot.test.mock.mockito.ResetMocksTestExecutionListener, org.springframework.boot.test.autoconfigure.restdocs.RestDocsTestExecutionListener, org.springframework.boot.test.autoconfigure.web.client.MockRestServiceServerResetTestExecutionListener, org.springframework.boot.test.autoconfigure.web.servlet.MockMvcPrintOnlyOnFailureTestExecutionListener, org.springframework.boot.test.autoconfigure.web.servlet.WebDriverTestExecutionListener, org.springframework.boot.test.autoconfigure.webservices.client.MockWebServiceServerTestExecutionListener, org.springframework.test.context.web.ServletTestExecutionListener, org.springframework.test.context.support.DirtiesContextBeforeModesTestExecutionListener, org.springframework.test.context.event.ApplicationEventsTestExecutionListener, org.springframework.test.context.support.DependencyInjectionTestExecutionListener, org.springframework.test.context.support.DirtiesContextTestExecutionListener, org.springframework.test.context.transaction.TransactionalTestExecutionListener, org.springframework.test.context.jdbc.SqlScriptsTestExecutionListener, org.springframework.test.context.event.EventPublishingTestExecutionListener]
09:45:25 INFO  [org.springframework.boot.test.context.SpringBootTestContextBootstrapper] - Using TestExecutionListeners: [org.springframework.test.context.web.ServletTestExecutionListener@55795845, org.springframework.test.context.support.DirtiesContextBeforeModesTestExecutionListener@3d08f3f5, org.springframework.test.context.event.ApplicationEventsTestExecutionListener@119f1f2a, org.springframework.boot.test.mock.mockito.MockitoTestExecutionListener@1a1da881, org.springframework.boot.test.autoconfigure.SpringBootDependencyInjectionTestExecutionListener@5b970f7, org.springframework.test.context.support.DirtiesContextTestExecutionListener@7fd4acee, org.springframework.test.context.transaction.TransactionalTestExecutionListener@165b8a71, org.springframework.test.context.jdbc.SqlScriptsTestExecutionListener@6175619b, org.springframework.test.context.event.EventPublishingTestExecutionListener@2f058b8a, org.springframework.boot.test.mock.mockito.ResetMocksTestExecutionListener@756cf158, org.springframework.boot.test.autoconfigure.restdocs.RestDocsTestExecutionListener@3f2ef586, org.springframework.boot.test.autoconfigure.web.client.MockRestServiceServerResetTestExecutionListener@751d3241, org.springframework.boot.test.autoconfigure.web.servlet.MockMvcPrintOnlyOnFailureTestExecutionListener@76c7beb3, org.springframework.boot.test.autoconfigure.web.servlet.WebDriverTestExecutionListener@64337702, org.springframework.boot.test.autoconfigure.webservices.client.MockWebServiceServerTestExecutionListener@2cf92cc7]
09:45:25 INFO  [com.edc.pps.catalog.service.UserServiceTest] - Starting UserServiceTest using Java 11.0.16 on WLEDCBUH2-00160 with PID 3088 (started by stica in C:\dev\edc-pps-book-project\book-catalog-service)
09:45:25 INFO  [com.edc.pps.catalog.service.UserServiceTest] - No active profile set, falling back to 1 default profile: "default"
09:45:26 INFO  [com.zaxxer.hikari.HikariDataSource] - HikariPool-1 - Starting...
09:45:26 INFO  [com.zaxxer.hikari.HikariDataSource] - HikariPool-1 - Start completed.
09:45:26 INFO  [org.hibernate.jpa.internal.util.LogHelper] - HHH000204: Processing PersistenceUnitInfo [name: default]
09:45:26 INFO  [org.hibernate.Version] - HHH000412: Hibernate ORM core version 5.6.12.Final
09:45:27 INFO  [org.hibernate.annotations.common.Version] - HCANN000001: Hibernate Commons Annotations {5.1.2.Final}
09:45:27 INFO  [org.hibernate.dialect.Dialect] - HHH000400: Using dialect: org.hibernate.dialect.H2Dialect
09:45:27 INFO  [org.hibernate.engine.transaction.jta.platform.internal.JtaPlatformInitiator] - HHH000490: Using JtaPlatform implementation: [org.hibernate.engine.transaction.jta.platform.internal.NoJtaPlatform]
09:45:28 INFO  [com.edc.pps.catalog.service.UserServiceTest] - Started UserServiceTest in 2.889 seconds (JVM running for 3.548)
09:45:28 INFO  [com.edc.pps.catalog.config.CatalogCommandLineRunner] - app started
09:45:29 INFO  [org.hibernate.tool.schema.internal.SchemaDropperImpl$DelayedDropActionImpl] - HHH000477: Starting delayed evictData of schema as part of SessionFactory shut-down'
09:45:29 INFO  [com.zaxxer.hikari.HikariDataSource] - HikariPool-1 - Shutdown initiated...
09:45:29 INFO  [com.zaxxer.hikari.HikariDataSource] - HikariPool-1 - Shutdown completed.
08:44:45 INFO  [org.springframework.boot.test.context.SpringBootTestContextBootstrapper] - Neither @ContextConfiguration nor @ContextHierarchy found for test class [com.edc.pps.catalog.service.UserServiceTest], using SpringBootContextLoader
08:44:45 INFO  [org.springframework.test.context.support.AbstractContextLoader] - Could not detect default resource locations for test class [com.edc.pps.catalog.service.UserServiceTest]: no resource found for suffixes {-context.xml, Context.groovy}.
08:44:45 INFO  [org.springframework.test.context.support.AnnotationConfigContextLoaderUtils] - Could not detect default configuration classes for test class [com.edc.pps.catalog.service.UserServiceTest]: UserServiceTest does not declare any static, non-private, non-final, nested classes annotated with @Configuration.
08:44:45 INFO  [org.springframework.boot.test.context.SpringBootTestContextBootstrapper] - Found @SpringBootConfiguration com.edc.pps.catalog.BookCatalogApp for test class com.edc.pps.catalog.service.UserServiceTest
08:44:45 INFO  [org.springframework.boot.test.context.SpringBootTestContextBootstrapper] - Loaded default TestExecutionListener class names from location [META-INF/spring.factories]: [org.springframework.boot.test.mock.mockito.MockitoTestExecutionListener, org.springframework.boot.test.mock.mockito.ResetMocksTestExecutionListener, org.springframework.boot.test.autoconfigure.restdocs.RestDocsTestExecutionListener, org.springframework.boot.test.autoconfigure.web.client.MockRestServiceServerResetTestExecutionListener, org.springframework.boot.test.autoconfigure.web.servlet.MockMvcPrintOnlyOnFailureTestExecutionListener, org.springframework.boot.test.autoconfigure.web.servlet.WebDriverTestExecutionListener, org.springframework.boot.test.autoconfigure.webservices.client.MockWebServiceServerTestExecutionListener, org.springframework.test.context.web.ServletTestExecutionListener, org.springframework.test.context.support.DirtiesContextBeforeModesTestExecutionListener, org.springframework.test.context.event.ApplicationEventsTestExecutionListener, org.springframework.test.context.support.DependencyInjectionTestExecutionListener, org.springframework.test.context.support.DirtiesContextTestExecutionListener, org.springframework.test.context.transaction.TransactionalTestExecutionListener, org.springframework.test.context.jdbc.SqlScriptsTestExecutionListener, org.springframework.test.context.event.EventPublishingTestExecutionListener]
08:44:45 INFO  [org.springframework.boot.test.context.SpringBootTestContextBootstrapper] - Using TestExecutionListeners: [org.springframework.test.context.web.ServletTestExecutionListener@55795845, org.springframework.test.context.support.DirtiesContextBeforeModesTestExecutionListener@3d08f3f5, org.springframework.test.context.event.ApplicationEventsTestExecutionListener@119f1f2a, org.springframework.boot.test.mock.mockito.MockitoTestExecutionListener@1a1da881, org.springframework.boot.test.autoconfigure.SpringBootDependencyInjectionTestExecutionListener@5b970f7, org.springframework.test.context.support.DirtiesContextTestExecutionListener@7fd4acee, org.springframework.test.context.transaction.TransactionalTestExecutionListener@165b8a71, org.springframework.test.context.jdbc.SqlScriptsTestExecutionListener@6175619b, org.springframework.test.context.event.EventPublishingTestExecutionListener@2f058b8a, org.springframework.boot.test.mock.mockito.ResetMocksTestExecutionListener@756cf158, org.springframework.boot.test.autoconfigure.restdocs.RestDocsTestExecutionListener@3f2ef586, org.springframework.boot.test.autoconfigure.web.client.MockRestServiceServerResetTestExecutionListener@751d3241, org.springframework.boot.test.autoconfigure.web.servlet.MockMvcPrintOnlyOnFailureTestExecutionListener@76c7beb3, org.springframework.boot.test.autoconfigure.web.servlet.WebDriverTestExecutionListener@64337702, org.springframework.boot.test.autoconfigure.webservices.client.MockWebServiceServerTestExecutionListener@2cf92cc7]
08:44:45 INFO  [com.edc.pps.catalog.service.UserServiceTest] - Starting UserServiceTest using Java 11.0.16 on WLEDCBUH2-00160 with PID 6844 (started by stica in C:\dev\edc-pps-book-project\book-catalog-service)
08:44:45 INFO  [com.edc.pps.catalog.service.UserServiceTest] - No active profile set, falling back to 1 default profile: "default"
08:44:46 INFO  [com.zaxxer.hikari.HikariDataSource] - HikariPool-1 - Starting...
08:44:46 INFO  [com.zaxxer.hikari.HikariDataSource] - HikariPool-1 - Start completed.
08:44:46 INFO  [org.hibernate.jpa.internal.util.LogHelper] - HHH000204: Processing PersistenceUnitInfo [name: default]
08:44:46 INFO  [org.hibernate.Version] - HHH000412: Hibernate ORM core version 5.6.12.Final
08:44:47 INFO  [org.hibernate.annotations.common.Version] - HCANN000001: Hibernate Commons Annotations {5.1.2.Final}
08:44:47 INFO  [org.hibernate.dialect.Dialect] - HHH000400: Using dialect: org.hibernate.dialect.H2Dialect
08:44:47 INFO  [org.hibernate.engine.transaction.jta.platform.internal.JtaPlatformInitiator] - HHH000490: Using JtaPlatform implementation: [org.hibernate.engine.transaction.jta.platform.internal.NoJtaPlatform]
08:44:48 INFO  [com.edc.pps.catalog.service.UserServiceTest] - Started UserServiceTest in 3.323 seconds (JVM running for 4.093)
08:44:48 INFO  [com.edc.pps.catalog.config.CatalogCommandLineRunner] - app started
08:44:49 INFO  [org.hibernate.tool.schema.internal.SchemaDropperImpl$DelayedDropActionImpl] - HHH000477: Starting delayed evictData of schema as part of SessionFactory shut-down'
08:44:49 INFO  [com.zaxxer.hikari.HikariDataSource] - HikariPool-1 - Shutdown initiated...
08:44:49 INFO  [com.zaxxer.hikari.HikariDataSource] - HikariPool-1 - Shutdown completed.
